<?xml version="1.0" encoding="UTF-8"?>
<testsuite xmlns:xsi="http://www.w3.org/2001/XMLSchema-instance" xsi:noNamespaceSchemaLocation="https://maven.apache.org/surefire/maven-surefire-plugin/xsd/surefire-test-report.xsd" name="site.nomoreparties.stellarburgers.tests.orderTests.OrdersGetByUserTest" time="3.239" tests="2" errors="0" skipped="0" failures="0">
  <properties>
[...]
</properties>
  <testcase name="ordersGetWithoutAuthTest" classname="site.nomoreparties.stellarburgers.tests.orderTests.OrdersGetByUserTest" time="0.4"/>
  <testcase name="ordersGetByAuthUserTest" classname="site.nomoreparties.stellarburgers.tests.orderTests.OrdersGetByUserTest" time="2.838"/>
</testsuite>